2018/08/16 14:55:59 [error] [php] require(protected\extensions\fpdf181\tfpdf.php): failed to open stream: No such file or directory (/Applications/MAMP/htdocs/gwi-webapp/protected/controllers/IftController.php:283)
Stack trace:
#0 /Applications/MAMP/framework/web/CController.php(308): CInlineAction->runWithParams()
#1 /Applications/MAMP/framework/web/filters/CFilterChain.php(134): IftController->runAction()
#2 /Applications/MAMP/framework/web/filters/CFilter.php(40): CFilterChain->run()
#3 /Applications/MAMP/framework/web/CController.php(1148): CAccessControlFilter->filter()
#4 /Applications/MAMP/framework/web/filters/CInlineFilter.php(58): IftController->filterAccessControl()
#5 /Applications/MAMP/framework/web/filters/CFilterChain.php(131): CInlineFilter->filter()
#6 /Applications/MAMP/framework/web/CController.php(291): CFilterChain->run()
#7 /Applications/MAMP/framework/web/CController.php(265): IftController->runActionWithFilters()
#8 /Applications/MAMP/framework/web/CWebApplication.php(282): IftController->run()
#9 /Applications/MAMP/framework/web/CWebApplication.php(141): CWebApplication->runController()
#10 /Applications/MAMP/framework/base/CApplication.php(185): CWebApplication->processRequest()
#11 /Applications/MAMP/htdocs/gwi-webapp/index.php(12): CWebApplication->run()
REQUEST_URI=/gwi-webapp/index.php/ift/PDF
in /Applications/MAMP/htdocs/gwi-webapp/protected/controllers/IftController.php (283)
in /Applications/MAMP/htdocs/gwi-webapp/protected/controllers/IftController.php (283)
in /Applications/MAMP/htdocs/gwi-webapp/index.php (12)
2018/08/16 14:56:45 [error] [php] require(protected\extensions\fpdf181\tfpdf.php): failed to open stream: No such file or directory (/Applications/MAMP/htdocs/gwi-webapp/protected/controllers/IftController.php:283)
Stack trace:
#0 /Applications/MAMP/framework/web/CController.php(308): CInlineAction->runWithParams()
#1 /Applications/MAMP/framework/web/filters/CFilterChain.php(134): IftController->runAction()
#2 /Applications/MAMP/framework/web/filters/CFilter.php(40): CFilterChain->run()
#3 /Applications/MAMP/framework/web/CController.php(1148): CAccessControlFilter->filter()
#4 /Applications/MAMP/framework/web/filters/CInlineFilter.php(58): IftController->filterAccessControl()
#5 /Applications/MAMP/framework/web/filters/CFilterChain.php(131): CInlineFilter->filter()
#6 /Applications/MAMP/framework/web/CController.php(291): CFilterChain->run()
#7 /Applications/MAMP/framework/web/CController.php(265): IftController->runActionWithFilters()
#8 /Applications/MAMP/framework/web/CWebApplication.php(282): IftController->run()
#9 /Applications/MAMP/framework/web/CWebApplication.php(141): CWebApplication->runController()
#10 /Applications/MAMP/framework/base/CApplication.php(185): CWebApplication->processRequest()
#11 /Applications/MAMP/htdocs/gwi-webapp/index.php(12): CWebApplication->run()
REQUEST_URI=/gwi-webapp/index.php/ift/PDF
in /Applications/MAMP/htdocs/gwi-webapp/protected/controllers/IftController.php (283)
in /Applications/MAMP/htdocs/gwi-webapp/protected/controllers/IftController.php (283)
in /Applications/MAMP/htdocs/gwi-webapp/index.php (12)
2018/08/16 14:56:48 [error] [php] require(protected\extensions\fpdf181\tfpdf.php): failed to open stream: No such file or directory (/Applications/MAMP/htdocs/gwi-webapp/protected/controllers/IftController.php:283)
Stack trace:
#0 /Applications/MAMP/framework/web/CController.php(308): CInlineAction->runWithParams()
#1 /Applications/MAMP/framework/web/filters/CFilterChain.php(134): IftController->runAction()
#2 /Applications/MAMP/framework/web/filters/CFilter.php(40): CFilterChain->run()
#3 /Applications/MAMP/framework/web/CController.php(1148): CAccessControlFilter->filter()
#4 /Applications/MAMP/framework/web/filters/CInlineFilter.php(58): IftController->filterAccessControl()
#5 /Applications/MAMP/framework/web/filters/CFilterChain.php(131): CInlineFilter->filter()
#6 /Applications/MAMP/framework/web/CController.php(291): CFilterChain->run()
#7 /Applications/MAMP/framework/web/CController.php(265): IftController->runActionWithFilters()
#8 /Applications/MAMP/framework/web/CWebApplication.php(282): IftController->run()
#9 /Applications/MAMP/framework/web/CWebApplication.php(141): CWebApplication->runController()
#10 /Applications/MAMP/framework/base/CApplication.php(185): CWebApplication->processRequest()
#11 /Applications/MAMP/htdocs/gwi-webapp/index.php(12): CWebApplication->run()
REQUEST_URI=/gwi-webapp/index.php/ift/PDF
in /Applications/MAMP/htdocs/gwi-webapp/protected/controllers/IftController.php (283)
in /Applications/MAMP/htdocs/gwi-webapp/protected/controllers/IftController.php (283)
in /Applications/MAMP/htdocs/gwi-webapp/index.php (12)
2018/08/16 14:56:48 [error] [php] require(protected\extensions\fpdf181\tfpdf.php): failed to open stream: No such file or directory (/Applications/MAMP/htdocs/gwi-webapp/protected/controllers/IftController.php:283)
Stack trace:
#0 /Applications/MAMP/framework/web/CController.php(308): CInlineAction->runWithParams()
#1 /Applications/MAMP/framework/web/filters/CFilterChain.php(134): IftController->runAction()
#2 /Applications/MAMP/framework/web/filters/CFilter.php(40): CFilterChain->run()
#3 /Applications/MAMP/framework/web/CController.php(1148): CAccessControlFilter->filter()
#4 /Applications/MAMP/framework/web/filters/CInlineFilter.php(58): IftController->filterAccessControl()
#5 /Applications/MAMP/framework/web/filters/CFilterChain.php(131): CInlineFilter->filter()
#6 /Applications/MAMP/framework/web/CController.php(291): CFilterChain->run()
#7 /Applications/MAMP/framework/web/CController.php(265): IftController->runActionWithFilters()
#8 /Applications/MAMP/framework/web/CWebApplication.php(282): IftController->run()
#9 /Applications/MAMP/framework/web/CWebApplication.php(141): CWebApplication->runController()
#10 /Applications/MAMP/framework/base/CApplication.php(185): CWebApplication->processRequest()
#11 /Applications/MAMP/htdocs/gwi-webapp/index.php(12): CWebApplication->run()
REQUEST_URI=/gwi-webapp/index.php/ift/PDF
in /Applications/MAMP/htdocs/gwi-webapp/protected/controllers/IftController.php (283)
in /Applications/MAMP/htdocs/gwi-webapp/protected/controllers/IftController.php (283)
in /Applications/MAMP/htdocs/gwi-webapp/index.php (12)
2018/08/16 14:57:08 [error] [php] require(protected\extensions\fpdf181\tfpdf.php): failed to open stream: No such file or directory (/Applications/MAMP/htdocs/gwi-webapp/protected/controllers/IftController.php:283)
Stack trace:
#0 /Applications/MAMP/framework/web/CController.php(308): CInlineAction->runWithParams()
#1 /Applications/MAMP/framework/web/filters/CFilterChain.php(134): IftController->runAction()
#2 /Applications/MAMP/framework/web/filters/CFilter.php(40): CFilterChain->run()
#3 /Applications/MAMP/framework/web/CController.php(1148): CAccessControlFilter->filter()
#4 /Applications/MAMP/framework/web/filters/CInlineFilter.php(58): IftController->filterAccessControl()
#5 /Applications/MAMP/framework/web/filters/CFilterChain.php(131): CInlineFilter->filter()
#6 /Applications/MAMP/framework/web/CController.php(291): CFilterChain->run()
#7 /Applications/MAMP/framework/web/CController.php(265): IftController->runActionWithFilters()
#8 /Applications/MAMP/framework/web/CWebApplication.php(282): IftController->run()
#9 /Applications/MAMP/framework/web/CWebApplication.php(141): CWebApplication->runController()
#10 /Applications/MAMP/framework/base/CApplication.php(185): CWebApplication->processRequest()
#11 /Applications/MAMP/htdocs/gwi-webapp/index.php(12): CWebApplication->run()
REQUEST_URI=/gwi-webapp/index.php/ift/PDF
in /Applications/MAMP/htdocs/gwi-webapp/protected/controllers/IftController.php (283)
in /Applications/MAMP/htdocs/gwi-webapp/protected/controllers/IftController.php (283)
in /Applications/MAMP/htdocs/gwi-webapp/index.php (12)
2018/08/16 15:04:16 [error] [php] Methods with the same name as their class will not be constructors in a future version of PHP; tFPDF has a deprecated constructor (/Applications/MAMP/htdocs/gwi-webapp/protected/extensions/fpdf181/tfpdf.php:13)
Stack trace:
#0 /Applications/MAMP/framework/web/CController.php(308): CInlineAction->runWithParams()
#1 /Applications/MAMP/framework/web/filters/CFilterChain.php(134): IftController->runAction()
#2 /Applications/MAMP/framework/web/filters/CFilter.php(40): CFilterChain->run()
#3 /Applications/MAMP/framework/web/CController.php(1148): CAccessControlFilter->filter()
#4 /Applications/MAMP/framework/web/filters/CInlineFilter.php(58): IftController->filterAccessControl()
#5 /Applications/MAMP/framework/web/filters/CFilterChain.php(131): CInlineFilter->filter()
#6 /Applications/MAMP/framework/web/CController.php(291): CFilterChain->run()
#7 /Applications/MAMP/framework/web/CController.php(265): IftController->runActionWithFilters()
#8 /Applications/MAMP/framework/web/CWebApplication.php(282): IftController->run()
#9 /Applications/MAMP/framework/web/CWebApplication.php(141): CWebApplication->runController()
#10 /Applications/MAMP/framework/base/CApplication.php(185): CWebApplication->processRequest()
#11 /Applications/MAMP/htdocs/gwi-webapp/index.php(12): CWebApplication->run()
REQUEST_URI=/gwi-webapp/index.php/ift/PDF
in /Applications/MAMP/htdocs/gwi-webapp/protected/controllers/IftController.php (283)
in /Applications/MAMP/htdocs/gwi-webapp/protected/controllers/IftController.php (283)
in /Applications/MAMP/htdocs/gwi-webapp/index.php (12)
2018/08/16 15:05:25 [error] [php] Methods with the same name as their class will not be constructors in a future version of PHP; tFPDF has a deprecated constructor (/Applications/MAMP/htdocs/gwi-webapp/protected/extensions/fpdf181/tfpdf.php:13)
Stack trace:
#0 /Applications/MAMP/framework/web/CController.php(308): CInlineAction->runWithParams()
#1 /Applications/MAMP/framework/web/filters/CFilterChain.php(134): IftController->runAction()
#2 /Applications/MAMP/framework/web/filters/CFilter.php(40): CFilterChain->run()
#3 /Applications/MAMP/framework/web/CController.php(1148): CAccessControlFilter->filter()
#4 /Applications/MAMP/framework/web/filters/CInlineFilter.php(58): IftController->filterAccessControl()
#5 /Applications/MAMP/framework/web/filters/CFilterChain.php(131): CInlineFilter->filter()
#6 /Applications/MAMP/framework/web/CController.php(291): CFilterChain->run()
#7 /Applications/MAMP/framework/web/CController.php(265): IftController->runActionWithFilters()
#8 /Applications/MAMP/framework/web/CWebApplication.php(282): IftController->run()
#9 /Applications/MAMP/framework/web/CWebApplication.php(141): CWebApplication->runController()
#10 /Applications/MAMP/framework/base/CApplication.php(185): CWebApplication->processRequest()
#11 /Applications/MAMP/htdocs/gwi-webapp/index.php(12): CWebApplication->run()
REQUEST_URI=/gwi-webapp/index.php/ift/PDF
in /Applications/MAMP/htdocs/gwi-webapp/protected/controllers/IftController.php (283)
in /Applications/MAMP/htdocs/gwi-webapp/protected/controllers/IftController.php (283)
in /Applications/MAMP/htdocs/gwi-webapp/index.php (12)
2018/08/16 15:13:21 [error] [exception.Error] Error: Call to undefined method tFPDF::SetWidths() in /Applications/MAMP/htdocs/gwi-webapp/protected/controllers/IftController.php:330
Stack trace:
#0 /Applications/MAMP/framework/web/actions/CInlineAction.php(49): IftController->actionPDF()
#1 /Applications/MAMP/framework/web/CController.php(308): CInlineAction->runWithParams(Array)
#2 /Applications/MAMP/framework/web/filters/CFilterChain.php(134): CController->runAction(Object(CInlineAction))
#3 /Applications/MAMP/framework/web/filters/CFilter.php(40): CFilterChain->run()
#4 /Applications/MAMP/framework/web/CController.php(1148): CFilter->filter(Object(CFilterChain))
#5 /Applications/MAMP/framework/web/filters/CInlineFilter.php(58): CController->filterAccessControl(Object(CFilterChain))
#6 /Applications/MAMP/framework/web/filters/CFilterChain.php(131): CInlineFilter->filter(Object(CFilterChain))
#7 /Applications/MAMP/framework/web/CController.php(291): CFilterChain->run()
#8 /Applications/MAMP/framework/web/CController.php(265): CController->runActionWithFilters(Object(CInlineAction), Array)
#9 /Applications/MAMP/framework/web/CWebApplication.php(282): CController->run('PDF')
#10 /Applications/MAMP/framework/web/CWebApplication.php(141): CWebApplication->runController('ift/PDF')
#11 /Applications/MAMP/framework/base/CApplication.php(185): CWebApplication->processRequest()
#12 /Applications/MAMP/htdocs/gwi-webapp/index.php(12): CApplication->run()
#13 {main}
REQUEST_URI=/gwi-webapp/index.php/ift/PDF
HTTP_REFERER=http://localhost:8888/gwi-webapp/index.php/ift/admin
---
2018/08/16 15:13:22 [error] [exception.Error] Error: Call to undefined method tFPDF::SetWidths() in /Applications/MAMP/htdocs/gwi-webapp/protected/controllers/IftController.php:330
Stack trace:
#0 /Applications/MAMP/framework/web/actions/CInlineAction.php(49): IftController->actionPDF()
#1 /Applications/MAMP/framework/web/CController.php(308): CInlineAction->runWithParams(Array)
#2 /Applications/MAMP/framework/web/filters/CFilterChain.php(134): CController->runAction(Object(CInlineAction))
#3 /Applications/MAMP/framework/web/filters/CFilter.php(40): CFilterChain->run()
#4 /Applications/MAMP/framework/web/CController.php(1148): CFilter->filter(Object(CFilterChain))
#5 /Applications/MAMP/framework/web/filters/CInlineFilter.php(58): CController->filterAccessControl(Object(CFilterChain))
#6 /Applications/MAMP/framework/web/filters/CFilterChain.php(131): CInlineFilter->filter(Object(CFilterChain))
#7 /Applications/MAMP/framework/web/CController.php(291): CFilterChain->run()
#8 /Applications/MAMP/framework/web/CController.php(265): CController->runActionWithFilters(Object(CInlineAction), Array)
#9 /Applications/MAMP/framework/web/CWebApplication.php(282): CController->run('PDF')
#10 /Applications/MAMP/framework/web/CWebApplication.php(141): CWebApplication->runController('ift/PDF')
#11 /Applications/MAMP/framework/base/CApplication.php(185): CWebApplication->processRequest()
#12 /Applications/MAMP/htdocs/gwi-webapp/index.php(12): CApplication->run()
#13 {main}
REQUEST_URI=/gwi-webapp/index.php/ift/PDF
HTTP_REFERER=http://localhost:8888/gwi-webapp/index.php/ift/admin
---
2018/08/16 15:13:23 [error] [exception.Error] Error: Call to undefined method tFPDF::SetWidths() in /Applications/MAMP/htdocs/gwi-webapp/protected/controllers/IftController.php:330
Stack trace:
#0 /Applications/MAMP/framework/web/actions/CInlineAction.php(49): IftController->actionPDF()
#1 /Applications/MAMP/framework/web/CController.php(308): CInlineAction->runWithParams(Array)
#2 /Applications/MAMP/framework/web/filters/CFilterChain.php(134): CController->runAction(Object(CInlineAction))
#3 /Applications/MAMP/framework/web/filters/CFilter.php(40): CFilterChain->run()
#4 /Applications/MAMP/framework/web/CController.php(1148): CFilter->filter(Object(CFilterChain))
#5 /Applications/MAMP/framework/web/filters/CInlineFilter.php(58): CController->filterAccessControl(Object(CFilterChain))
#6 /Applications/MAMP/framework/web/filters/CFilterChain.php(131): CInlineFilter->filter(Object(CFilterChain))
#7 /Applications/MAMP/framework/web/CController.php(291): CFilterChain->run()
#8 /Applications/MAMP/framework/web/CController.php(265): CController->runActionWithFilters(Object(CInlineAction), Array)
#9 /Applications/MAMP/framework/web/CWebApplication.php(282): CController->run('PDF')
#10 /Applications/MAMP/framework/web/CWebApplication.php(141): CWebApplication->runController('ift/PDF')
#11 /Applications/MAMP/framework/base/CApplication.php(185): CWebApplication->processRequest()
#12 /Applications/MAMP/htdocs/gwi-webapp/index.php(12): CApplication->run()
#13 {main}
REQUEST_URI=/gwi-webapp/index.php/ift/PDF
HTTP_REFERER=http://localhost:8888/gwi-webapp/index.php/ift/admin
---
2018/08/16 15:13:23 [error] [exception.Error] Error: Call to undefined method tFPDF::SetWidths() in /Applications/MAMP/htdocs/gwi-webapp/protected/controllers/IftController.php:330
Stack trace:
#0 /Applications/MAMP/framework/web/actions/CInlineAction.php(49): IftController->actionPDF()
#1 /Applications/MAMP/framework/web/CController.php(308): CInlineAction->runWithParams(Array)
#2 /Applications/MAMP/framework/web/filters/CFilterChain.php(134): CController->runAction(Object(CInlineAction))
#3 /Applications/MAMP/framework/web/filters/CFilter.php(40): CFilterChain->run()
#4 /Applications/MAMP/framework/web/CController.php(1148): CFilter->filter(Object(CFilterChain))
#5 /Applications/MAMP/framework/web/filters/CInlineFilter.php(58): CController->filterAccessControl(Object(CFilterChain))
#6 /Applications/MAMP/framework/web/filters/CFilterChain.php(131): CInlineFilter->filter(Object(CFilterChain))
#7 /Applications/MAMP/framework/web/CController.php(291): CFilterChain->run()
#8 /Applications/MAMP/framework/web/CController.php(265): CController->runActionWithFilters(Object(CInlineAction), Array)
#9 /Applications/MAMP/framework/web/CWebApplication.php(282): CController->run('PDF')
#10 /Applications/MAMP/framework/web/CWebApplication.php(141): CWebApplication->runController('ift/PDF')
#11 /Applications/MAMP/framework/base/CApplication.php(185): CWebApplication->processRequest()
#12 /Applications/MAMP/htdocs/gwi-webapp/index.php(12): CApplication->run()
#13 {main}
REQUEST_URI=/gwi-webapp/index.php/ift/PDF
HTTP_REFERER=http://localhost:8888/gwi-webapp/index.php/ift/admin
---
2018/08/16 15:13:24 [error] [exception.Error] Error: Call to undefined method tFPDF::SetWidths() in /Applications/MAMP/htdocs/gwi-webapp/protected/controllers/IftController.php:330
Stack trace:
#0 /Applications/MAMP/framework/web/actions/CInlineAction.php(49): IftController->actionPDF()
#1 /Applications/MAMP/framework/web/CController.php(308): CInlineAction->runWithParams(Array)
#2 /Applications/MAMP/framework/web/filters/CFilterChain.php(134): CController->runAction(Object(CInlineAction))
#3 /Applications/MAMP/framework/web/filters/CFilter.php(40): CFilterChain->run()
#4 /Applications/MAMP/framework/web/CController.php(1148): CFilter->filter(Object(CFilterChain))
#5 /Applications/MAMP/framework/web/filters/CInlineFilter.php(58): CController->filterAccessControl(Object(CFilterChain))
#6 /Applications/MAMP/framework/web/filters/CFilterChain.php(131): CInlineFilter->filter(Object(CFilterChain))
#7 /Applications/MAMP/framework/web/CController.php(291): CFilterChain->run()
#8 /Applications/MAMP/framework/web/CController.php(265): CController->runActionWithFilters(Object(CInlineAction), Array)
#9 /Applications/MAMP/framework/web/CWebApplication.php(282): CController->run('PDF')
#10 /Applications/MAMP/framework/web/CWebApplication.php(141): CWebApplication->runController('ift/PDF')
#11 /Applications/MAMP/framework/base/CApplication.php(185): CWebApplication->processRequest()
#12 /Applications/MAMP/htdocs/gwi-webapp/index.php(12): CApplication->run()
#13 {main}
REQUEST_URI=/gwi-webapp/index.php/ift/PDF
HTTP_REFERER=http://localhost:8888/gwi-webapp/index.php/ift/admin
---
2018/08/16 15:42:14 [error] [exception.ParseError] ParseError: syntax error, unexpected '$pdf' (T_VARIABLE) in /Applications/MAMP/htdocs/gwi-webapp/protected/controllers/IftController.php:371
Stack trace:
#0 /Applications/MAMP/framework/web/CWebApplication.php(276): CWebApplication->createController('admin/')
#1 /Applications/MAMP/framework/web/CWebApplication.php(141): CWebApplication->runController('ift/admin')
#2 /Applications/MAMP/framework/base/CApplication.php(185): CWebApplication->processRequest()
#3 /Applications/MAMP/htdocs/gwi-webapp/index.php(12): CApplication->run()
#4 {main}
REQUEST_URI=/gwi-webapp/index.php/ift/admin
HTTP_REFERER=http://localhost:8888/gwi-webapp/index.php/ift/1
---
2018/08/16 15:42:48 [error] [php] A non-numeric value encountered (/Applications/MAMP/htdocs/gwi-webapp/protected/controllers/IftController.php:370)
Stack trace:
#0 /Applications/MAMP/framework/web/filters/CFilterChain.php(134): IftController->runAction()
#1 /Applications/MAMP/framework/web/filters/CFilter.php(40): CFilterChain->run()
#2 /Applications/MAMP/framework/web/CController.php(1148): CAccessControlFilter->filter()
#3 /Applications/MAMP/framework/web/filters/CInlineFilter.php(58): IftController->filterAccessControl()
#4 /Applications/MAMP/framework/web/filters/CFilterChain.php(131): CInlineFilter->filter()
#5 /Applications/MAMP/framework/web/CController.php(291): CFilterChain->run()
#6 /Applications/MAMP/framework/web/CController.php(265): IftController->runActionWithFilters()
#7 /Applications/MAMP/framework/web/CWebApplication.php(282): IftController->run()
#8 /Applications/MAMP/framework/web/CWebApplication.php(141): CWebApplication->runController()
#9 /Applications/MAMP/framework/base/CApplication.php(185): CWebApplication->processRequest()
#10 /Applications/MAMP/htdocs/gwi-webapp/index.php(12): CWebApplication->run()
REQUEST_URI=/gwi-webapp/index.php/ift/PDF
in /Applications/MAMP/htdocs/gwi-webapp/protected/controllers/IftController.php (370)
in /Applications/MAMP/htdocs/gwi-webapp/index.php (12)
2018/08/16 15:43:13 [error] [exception.ParseError] ParseError: syntax error, unexpected '$pdf' (T_VARIABLE), expecting ',' or ';' in /Applications/MAMP/htdocs/gwi-webapp/protected/controllers/IftController.php:372
Stack trace:
#0 /Applications/MAMP/framework/web/CWebApplication.php(276): CWebApplication->createController('admin/')
#1 /Applications/MAMP/framework/web/CWebApplication.php(141): CWebApplication->runController('ift/admin')
#2 /Applications/MAMP/framework/base/CApplication.php(185): CWebApplication->processRequest()
#3 /Applications/MAMP/htdocs/gwi-webapp/index.php(12): CApplication->run()
#4 {main}
REQUEST_URI=/gwi-webapp/index.php/ift/admin
HTTP_REFERER=http://localhost:8888/gwi-webapp/index.php/ift/1
---
2018/08/16 15:43:23 [error] [php] A non-numeric value encountered (/Applications/MAMP/htdocs/gwi-webapp/protected/controllers/IftController.php:370)
Stack trace:
#0 /Applications/MAMP/framework/web/filters/CFilterChain.php(134): IftController->runAction()
#1 /Applications/MAMP/framework/web/filters/CFilter.php(40): CFilterChain->run()
#2 /Applications/MAMP/framework/web/CController.php(1148): CAccessControlFilter->filter()
#3 /Applications/MAMP/framework/web/filters/CInlineFilter.php(58): IftController->filterAccessControl()
#4 /Applications/MAMP/framework/web/filters/CFilterChain.php(131): CInlineFilter->filter()
#5 /Applications/MAMP/framework/web/CController.php(291): CFilterChain->run()
#6 /Applications/MAMP/framework/web/CController.php(265): IftController->runActionWithFilters()
#7 /Applications/MAMP/framework/web/CWebApplication.php(282): IftController->run()
#8 /Applications/MAMP/framework/web/CWebApplication.php(141): CWebApplication->runController()
#9 /Applications/MAMP/framework/base/CApplication.php(185): CWebApplication->processRequest()
#10 /Applications/MAMP/htdocs/gwi-webapp/index.php(12): CWebApplication->run()
REQUEST_URI=/gwi-webapp/index.php/ift/PDF
in /Applications/MAMP/htdocs/gwi-webapp/protected/controllers/IftController.php (370)
in /Applications/MAMP/htdocs/gwi-webapp/index.php (12)
2018/08/16 16:34:57 [error] [exception.ParseError] ParseError: syntax error, unexpected '', '' (T_CONSTANT_ENCAPSED_STRING), expecting ')' in /Applications/MAMP/htdocs/gwi-webapp/protected/views/ift/admin.php:87
Stack trace:
#0 /Applications/MAMP/framework/web/CBaseController.php(95): CBaseController->renderInternal('/Applications/M...', Array, true)
#1 /Applications/MAMP/framework/web/CController.php(872): CBaseController->renderFile('/Applications/M...', Array, true)
#2 /Applications/MAMP/framework/web/CController.php(785): CController->renderPartial('admin', Array, true)
#3 /Applications/MAMP/htdocs/gwi-webapp/protected/controllers/IftController.php(240): CController->render('admin', Array)
#4 /Applications/MAMP/framework/web/actions/CInlineAction.php(49): IftController->actionAdmin()
#5 /Applications/MAMP/framework/web/CController.php(308): CInlineAction->runWithParams(Array)
#6 /Applications/MAMP/framework/web/filters/CFilterChain.php(134): CController->runAction(Object(CInlineAction))
#7 /Applications/MAMP/framework/web/filters/CFilter.php(40): CFilterChain->run()
#8 /Applications/MAMP/framework/web/CController.php(1148): CFilter->filter(Object(CFilterChain))
#9 /Applications/MAMP/framework/web/filters/CInlineFilter.php(58): CController->filterAccessControl(Object(CFilterChain))
#10 /Applications/MAMP/framework/web/filters/CFilterChain.php(131): CInlineFilter->filter(Object(CFilterChain))
#11 /Applications/MAMP/framework/web/CController.php(291): CFilterChain->run()
#12 /Applications/MAMP/framework/web/CController.php(265): CController->runActionWithFilters(Object(CInlineAction), Array)
#13 /Applications/MAMP/framework/web/CWebApplication.php(282): CController->run('admin')
#14 /Applications/MAMP/framework/web/CWebApplication.php(141): CWebApplication->runController('ift/admin')
#15 /Applications/MAMP/framework/base/CApplication.php(185): CWebApplication->processRequest()
#16 /Applications/MAMP/htdocs/gwi-webapp/index.php(12): CApplication->run()
#17 {main}
REQUEST_URI=/gwi-webapp/index.php/ift/admin
HTTP_REFERER=http://localhost:8888/gwi-webapp/index.php/ift/1
---
2018/08/16 17:03:49 [error] [exception.Error] Error: Call to undefined method tFPDF::SetWidths() in /Applications/MAMP/htdocs/gwi-webapp/protected/controllers/IftController.php:330
Stack trace:
#0 /Applications/MAMP/framework/web/actions/CInlineAction.php(49): IftController->actionPDF()
#1 /Applications/MAMP/framework/web/CController.php(308): CInlineAction->runWithParams(Array)
#2 /Applications/MAMP/framework/web/filters/CFilterChain.php(134): CController->runAction(Object(CInlineAction))
#3 /Applications/MAMP/framework/web/filters/CFilter.php(40): CFilterChain->run()
#4 /Applications/MAMP/framework/web/CController.php(1148): CFilter->filter(Object(CFilterChain))
#5 /Applications/MAMP/framework/web/filters/CInlineFilter.php(58): CController->filterAccessControl(Object(CFilterChain))
#6 /Applications/MAMP/framework/web/filters/CFilterChain.php(131): CInlineFilter->filter(Object(CFilterChain))
#7 /Applications/MAMP/framework/web/CController.php(291): CFilterChain->run()
#8 /Applications/MAMP/framework/web/CController.php(265): CController->runActionWithFilters(Object(CInlineAction), Array)
#9 /Applications/MAMP/framework/web/CWebApplication.php(282): CController->run('PDF')
#10 /Applications/MAMP/framework/web/CWebApplication.php(141): CWebApplication->runController('ift/PDF')
#11 /Applications/MAMP/framework/base/CApplication.php(185): CWebApplication->processRequest()
#12 /Applications/MAMP/htdocs/gwi-webapp/index.php(12): CApplication->run()
#13 {main}
REQUEST_URI=/gwi-webapp/index.php/ift/PDF
HTTP_REFERER=http://localhost:8888/gwi-webapp/index.php/ift/admin
---
2018/08/16 17:05:30 [error] [exception.Error] Error: Call to undefined method tFPDF::SetWidths() in /Applications/MAMP/htdocs/gwi-webapp/protected/controllers/IftController.php:330
Stack trace:
#0 /Applications/MAMP/framework/web/actions/CInlineAction.php(49): IftController->actionPDF()
#1 /Applications/MAMP/framework/web/CController.php(308): CInlineAction->runWithParams(Array)
#2 /Applications/MAMP/framework/web/filters/CFilterChain.php(134): CController->runAction(Object(CInlineAction))
#3 /Applications/MAMP/framework/web/filters/CFilter.php(40): CFilterChain->run()
#4 /Applications/MAMP/framework/web/CController.php(1148): CFilter->filter(Object(CFilterChain))
#5 /Applications/MAMP/framework/web/filters/CInlineFilter.php(58): CController->filterAccessControl(Object(CFilterChain))
#6 /Applications/MAMP/framework/web/filters/CFilterChain.php(131): CInlineFilter->filter(Object(CFilterChain))
#7 /Applications/MAMP/framework/web/CController.php(291): CFilterChain->run()
#8 /Applications/MAMP/framework/web/CController.php(265): CController->runActionWithFilters(Object(CInlineAction), Array)
#9 /Applications/MAMP/framework/web/CWebApplication.php(282): CController->run('PDF')
#10 /Applications/MAMP/framework/web/CWebApplication.php(141): CWebApplication->runController('ift/PDF')
#11 /Applications/MAMP/framework/base/CApplication.php(185): CWebApplication->processRequest()
#12 /Applications/MAMP/htdocs/gwi-webapp/index.php(12): CApplication->run()
#13 {main}
REQUEST_URI=/gwi-webapp/index.php/ift/PDF
HTTP_REFERER=http://localhost:8888/gwi-webapp/index.php/ift/admin
---
2018/08/16 17:06:42 [error] [exception.Error] Error: Call to undefined method tFPDF::SetWidths() in /Applications/MAMP/htdocs/gwi-webapp/protected/controllers/IftController.php:330
Stack trace:
#0 /Applications/MAMP/framework/web/actions/CInlineAction.php(49): IftController->actionPDF()
#1 /Applications/MAMP/framework/web/CController.php(308): CInlineAction->runWithParams(Array)
#2 /Applications/MAMP/framework/web/filters/CFilterChain.php(134): CController->runAction(Object(CInlineAction))
#3 /Applications/MAMP/framework/web/filters/CFilter.php(40): CFilterChain->run()
#4 /Applications/MAMP/framework/web/CController.php(1148): CFilter->filter(Object(CFilterChain))
#5 /Applications/MAMP/framework/web/filters/CInlineFilter.php(58): CController->filterAccessControl(Object(CFilterChain))
#6 /Applications/MAMP/framework/web/filters/CFilterChain.php(131): CInlineFilter->filter(Object(CFilterChain))
#7 /Applications/MAMP/framework/web/CController.php(291): CFilterChain->run()
#8 /Applications/MAMP/framework/web/CController.php(265): CController->runActionWithFilters(Object(CInlineAction), Array)
#9 /Applications/MAMP/framework/web/CWebApplication.php(282): CController->run('PDF')
#10 /Applications/MAMP/framework/web/CWebApplication.php(141): CWebApplication->runController('ift/PDF')
#11 /Applications/MAMP/framework/base/CApplication.php(185): CWebApplication->processRequest()
#12 /Applications/MAMP/htdocs/gwi-webapp/index.php(12): CApplication->run()
#13 {main}
REQUEST_URI=/gwi-webapp/index.php/ift/PDF
HTTP_REFERER=http://localhost:8888/gwi-webapp/index.php/ift/admin
---
2018/08/16 17:09:34 [error] [php] Methods with the same name as their class will not be constructors in a future version of PHP; tFPDF has a deprecated constructor (/Applications/MAMP/htdocs/gwi-webapp/protected/extensions/fpdf181/tfpdf.php:13)
Stack trace:
#0 /Applications/MAMP/framework/web/CController.php(308): CInlineAction->runWithParams()
#1 /Applications/MAMP/framework/web/filters/CFilterChain.php(134): IftController->runAction()
#2 /Applications/MAMP/framework/web/filters/CFilter.php(40): CFilterChain->run()
#3 /Applications/MAMP/framework/web/CController.php(1148): CAccessControlFilter->filter()
#4 /Applications/MAMP/framework/web/filters/CInlineFilter.php(58): IftController->filterAccessControl()
#5 /Applications/MAMP/framework/web/filters/CFilterChain.php(131): CInlineFilter->filter()
#6 /Applications/MAMP/framework/web/CController.php(291): CFilterChain->run()
#7 /Applications/MAMP/framework/web/CController.php(265): IftController->runActionWithFilters()
#8 /Applications/MAMP/framework/web/CWebApplication.php(282): IftController->run()
#9 /Applications/MAMP/framework/web/CWebApplication.php(141): CWebApplication->runController()
#10 /Applications/MAMP/framework/base/CApplication.php(185): CWebApplication->processRequest()
#11 /Applications/MAMP/htdocs/gwi-webapp/index.php(12): CWebApplication->run()
REQUEST_URI=/gwi-webapp/index.php/ift/PDF
in /Applications/MAMP/htdocs/gwi-webapp/protected/controllers/IftController.php (283)
in /Applications/MAMP/htdocs/gwi-webapp/protected/controllers/IftController.php (283)
in /Applications/MAMP/htdocs/gwi-webapp/index.php (12)
2018/08/16 17:10:27 [error] [php] count(): Parameter must be an array or an object that implements Countable (/Applications/MAMP/htdocs/gwi-webapp/protected/extensions/fpdf181/tfpdf.php:1107)
Stack trace:
#0 /Applications/MAMP/framework/web/CController.php(308): CInlineAction->runWithParams()
#1 /Applications/MAMP/framework/web/filters/CFilterChain.php(134): IftController->runAction()
#2 /Applications/MAMP/framework/web/filters/CFilter.php(40): CFilterChain->run()
#3 /Applications/MAMP/framework/web/CController.php(1148): CAccessControlFilter->filter()
#4 /Applications/MAMP/framework/web/filters/CInlineFilter.php(58): IftController->filterAccessControl()
#5 /Applications/MAMP/framework/web/filters/CFilterChain.php(131): CInlineFilter->filter()
#6 /Applications/MAMP/framework/web/CController.php(291): CFilterChain->run()
#7 /Applications/MAMP/framework/web/CController.php(265): IftController->runActionWithFilters()
#8 /Applications/MAMP/framework/web/CWebApplication.php(282): IftController->run()
#9 /Applications/MAMP/framework/web/CWebApplication.php(141): CWebApplication->runController()
#10 /Applications/MAMP/framework/base/CApplication.php(185): CWebApplication->processRequest()
#11 /Applications/MAMP/htdocs/gwi-webapp/index.php(12): CWebApplication->run()
REQUEST_URI=/gwi-webapp/index.php/ift/PDF
in /Applications/MAMP/htdocs/gwi-webapp/protected/extensions/fpdf181/tfpdf.php (1107)
in /Applications/MAMP/htdocs/gwi-webapp/protected/controllers/IftController.php (292)
in /Applications/MAMP/htdocs/gwi-webapp/index.php (12)
2018/08/16 17:19:15 [error] [exception.ParseError] ParseError: syntax error, unexpected 'a' (T_STRING), expecting ')' in /Applications/MAMP/htdocs/gwi-webapp/protected/views/ift/admin.php:88
Stack trace:
#0 /Applications/MAMP/framework/web/CBaseController.php(95): CBaseController->renderInternal('/Applications/M...', Array, true)
#1 /Applications/MAMP/framework/web/CController.php(872): CBaseController->renderFile('/Applications/M...', Array, true)
#2 /Applications/MAMP/framework/web/CController.php(785): CController->renderPartial('admin', Array, true)
#3 /Applications/MAMP/htdocs/gwi-webapp/protected/controllers/IftController.php(240): CController->render('admin', Array)
#4 /Applications/MAMP/framework/web/actions/CInlineAction.php(49): IftController->actionAdmin()
#5 /Applications/MAMP/framework/web/CController.php(308): CInlineAction->runWithParams(Array)
#6 /Applications/MAMP/framework/web/filters/CFilterChain.php(134): CController->runAction(Object(CInlineAction))
#7 /Applications/MAMP/framework/web/filters/CFilter.php(40): CFilterChain->run()
#8 /Applications/MAMP/framework/web/CController.php(1148): CFilter->filter(Object(CFilterChain))
#9 /Applications/MAMP/framework/web/filters/CInlineFilter.php(58): CController->filterAccessControl(Object(CFilterChain))
#10 /Applications/MAMP/framework/web/filters/CFilterChain.php(131): CInlineFilter->filter(Object(CFilterChain))
#11 /Applications/MAMP/framework/web/CController.php(291): CFilterChain->run()
#12 /Applications/MAMP/framework/web/CController.php(265): CController->runActionWithFilters(Object(CInlineAction), Array)
#13 /Applications/MAMP/framework/web/CWebApplication.php(282): CController->run('admin')
#14 /Applications/MAMP/framework/web/CWebApplication.php(141): CWebApplication->runController('ift/admin')
#15 /Applications/MAMP/framework/base/CApplication.php(185): CWebApplication->processRequest()
#16 /Applications/MAMP/htdocs/gwi-webapp/index.php(12): CApplication->run()
#17 {main}
REQUEST_URI=/gwi-webapp/index.php/ift/admin
HTTP_REFERER=http://localhost:8888/gwi-webapp/index.php/ift/1
---
2018/08/16 17:29:34 [error] [php] require(protected\extensions\fpdf181\tfpdf.php): failed to open stream: No such file or directory (/Applications/MAMP/htdocs/gwi-webapp/protected/controllers/BgtController.php:282)
Stack trace:
#0 /Applications/MAMP/framework/web/CController.php(308): CInlineAction->runWithParams()
#1 /Applications/MAMP/framework/web/filters/CFilterChain.php(134): BgtController->runAction()
#2 /Applications/MAMP/framework/web/filters/CFilter.php(40): CFilterChain->run()
#3 /Applications/MAMP/framework/web/CController.php(1148): CAccessControlFilter->filter()
#4 /Applications/MAMP/framework/web/filters/CInlineFilter.php(58): BgtController->filterAccessControl()
#5 /Applications/MAMP/framework/web/filters/CFilterChain.php(131): CInlineFilter->filter()
#6 /Applications/MAMP/framework/web/CController.php(291): CFilterChain->run()
#7 /Applications/MAMP/framework/web/CController.php(265): BgtController->runActionWithFilters()
#8 /Applications/MAMP/framework/web/CWebApplication.php(282): BgtController->run()
#9 /Applications/MAMP/framework/web/CWebApplication.php(141): CWebApplication->runController()
#10 /Applications/MAMP/framework/base/CApplication.php(185): CWebApplication->processRequest()
#11 /Applications/MAMP/htdocs/gwi-webapp/index.php(12): CWebApplication->run()
REQUEST_URI=/gwi-webapp/index.php/bgt/PDF
in /Applications/MAMP/htdocs/gwi-webapp/protected/controllers/BgtController.php (282)
in /Applications/MAMP/htdocs/gwi-webapp/protected/controllers/BgtController.php (282)
in /Applications/MAMP/htdocs/gwi-webapp/index.php (12)
2018/08/16 17:29:39 [error] [php] require(protected\extensions\fpdf181\tfpdf.php): failed to open stream: No such file or directory (/Applications/MAMP/htdocs/gwi-webapp/protected/controllers/BgtController.php:282)
Stack trace:
#0 /Applications/MAMP/framework/web/CController.php(308): CInlineAction->runWithParams()
#1 /Applications/MAMP/framework/web/filters/CFilterChain.php(134): BgtController->runAction()
#2 /Applications/MAMP/framework/web/filters/CFilter.php(40): CFilterChain->run()
#3 /Applications/MAMP/framework/web/CController.php(1148): CAccessControlFilter->filter()
#4 /Applications/MAMP/framework/web/filters/CInlineFilter.php(58): BgtController->filterAccessControl()
#5 /Applications/MAMP/framework/web/filters/CFilterChain.php(131): CInlineFilter->filter()
#6 /Applications/MAMP/framework/web/CController.php(291): CFilterChain->run()
#7 /Applications/MAMP/framework/web/CController.php(265): BgtController->runActionWithFilters()
#8 /Applications/MAMP/framework/web/CWebApplication.php(282): BgtController->run()
#9 /Applications/MAMP/framework/web/CWebApplication.php(141): CWebApplication->runController()
#10 /Applications/MAMP/framework/base/CApplication.php(185): CWebApplication->processRequest()
#11 /Applications/MAMP/htdocs/gwi-webapp/index.php(12): CWebApplication->run()
REQUEST_URI=/gwi-webapp/index.php/bgt/PDF
in /Applications/MAMP/htdocs/gwi-webapp/protected/controllers/BgtController.php (282)
in /Applications/MAMP/htdocs/gwi-webapp/protected/controllers/BgtController.php (282)
in /Applications/MAMP/htdocs/gwi-webapp/index.php (12)
2018/08/18 13:42:50 [error] [php] Trying to get property 'user_type_ID' of non-object (/Applications/MAMP/htdocs/verwaltung-webseite/protected/controllers/BgtController.php:196)
Stack trace:
#0 /Applications/MAMP/framework/web/filters/CFilterChain.php(134): BgtController->runAction()
#1 /Applications/MAMP/framework/web/filters/CFilter.php(40): CFilterChain->run()
#2 /Applications/MAMP/framework/web/CController.php(1148): CAccessControlFilter->filter()
#3 /Applications/MAMP/framework/web/filters/CInlineFilter.php(58): BgtController->filterAccessControl()
#4 /Applications/MAMP/framework/web/filters/CFilterChain.php(131): CInlineFilter->filter()
#5 /Applications/MAMP/framework/web/CController.php(291): CFilterChain->run()
#6 /Applications/MAMP/framework/web/CController.php(265): BgtController->runActionWithFilters()
#7 /Applications/MAMP/framework/web/CWebApplication.php(282): BgtController->run()
#8 /Applications/MAMP/framework/web/CWebApplication.php(141): CWebApplication->runController()
#9 /Applications/MAMP/framework/base/CApplication.php(185): CWebApplication->processRequest()
#10 /Applications/MAMP/htdocs/verwaltung-webseite/index.php(12): CWebApplication->run()
REQUEST_URI=/verwaltung-webseite/index.php/bgt/index
in /Applications/MAMP/htdocs/verwaltung-webseite/protected/controllers/BgtController.php (196)
in /Applications/MAMP/htdocs/verwaltung-webseite/index.php (12)
2018/08/18 13:42:55 [error] [php] Trying to get property 'user_type_ID' of non-object (/Applications/MAMP/htdocs/verwaltung-webseite/protected/controllers/BgtController.php:196)
Stack trace:
#0 /Applications/MAMP/framework/web/filters/CFilterChain.php(134): BgtController->runAction()
#1 /Applications/MAMP/framework/web/filters/CFilter.php(40): CFilterChain->run()
#2 /Applications/MAMP/framework/web/CController.php(1148): CAccessControlFilter->filter()
#3 /Applications/MAMP/framework/web/filters/CInlineFilter.php(58): BgtController->filterAccessControl()
#4 /Applications/MAMP/framework/web/filters/CFilterChain.php(131): CInlineFilter->filter()
#5 /Applications/MAMP/framework/web/CController.php(291): CFilterChain->run()
#6 /Applications/MAMP/framework/web/CController.php(265): BgtController->runActionWithFilters()
#7 /Applications/MAMP/framework/web/CWebApplication.php(282): BgtController->run()
#8 /Applications/MAMP/framework/web/CWebApplication.php(141): CWebApplication->runController()
#9 /Applications/MAMP/framework/base/CApplication.php(185): CWebApplication->processRequest()
#10 /Applications/MAMP/htdocs/verwaltung-webseite/index.php(12): CWebApplication->run()
REQUEST_URI=/verwaltung-webseite/index.php/bgt/index
in /Applications/MAMP/htdocs/verwaltung-webseite/protected/controllers/BgtController.php (196)
in /Applications/MAMP/htdocs/verwaltung-webseite/index.php (12)
